<?xml version="1.0" encoding="UTF-8"?>
<!-- Generated by org.testng.reporters.JUnitXMLReporter -->
<testsuite hostname="admin-PC" name="Test3" tests="4" failures="0" timestamp="9 Apr 2019 09:40:26 GMT" time="74.196" errors="0">
  <testcase name="Valid_Login" time="8.191" classname="Idlidabba.ERP.MenuCycle"/>
  <testcase name="menu_cycle" time="11.431" classname="Idlidabba.ERP.MenuCycle"/>
  <testcase name="Menu_cyclePlan" time="24.032" classname="Idlidabba.ERP.MenuCycle"/>
  <testcase name="Menu_cycle_plan" time="25.026" classname="Idlidabba.ERP.MenuCycle"/>
</testsuite> <!-- Test3 -->
