<?xml version="1.0" encoding="UTF-8"?>
<!-- Generated by org.testng.reporters.JUnitXMLReporter -->
<testsuite hostname="admin-PC" ignored="0" name="Test1" tests="3" failures="0" timestamp="23 Apr 2019 10:55:51 GMT" time="22.257" errors="0">
  <testcase name="Invalid_Login" time="1.842" classname="Idlidabba.ERP.Login"/>
  <testcase name="Invalid_Login1" time="1.349" classname="Idlidabba.ERP.Login"/>
  <testcase name="Valid_Login" time="5.888" classname="Idlidabba.ERP.Login"/>
</testsuite> <!-- Test1 -->
