<?xml version="1.0" encoding="UTF-8"?>
<!-- Generated by org.testng.reporters.JUnitXMLReporter -->
<testsuite hostname="admin-PC" name="Test2" tests="8" failures="5" timestamp="12 Apr 2019 13:14:10 GMT" time="19.13" errors="0">
  <testcase name="@AfterTest afterTest" time="0.0" classname="Idlidabba.ERP.Crm">
    <failure type="java.lang.NullPointerException">
      <![CDATA[java.lang.NullPointerException
	at Idlidabba.ERP.Crm.afterTest(Crm.java:1452)
... Removed 23 stack frames]]>
    </failure>
  </testcase> <!-- @AfterTest afterTest -->
  <testcase name="Valid_Login" time="0.004" classname="Idlidabba.ERP.Crm">
    <failure type="java.lang.NullPointerException">
      <![CDATA[java.lang.NullPointerException
	at Idlidabba.ERP.Crm.Valid_Login(Crm.java:84)
... Removed 25 stack frames]]>
    </failure>
  </testcase> <!-- Valid_Login -->
  <testcase name="Invalid_Login" time="0.003" classname="Idlidabba.ERP.Crm">
    <failure type="java.lang.NullPointerException">
      <![CDATA[java.lang.NullPointerException
	at Idlidabba.ERP.Login.Invalid_Login(Login.java:43)
... Removed 25 stack frames]]>
    </failure>
  </testcase> <!-- Invalid_Login -->
  <testcase name="crm_info" time="2.016" classname="Idlidabba.ERP.Crm"/>
  <testcase name="Invalid_Login1" time="0.0" classname="Idlidabba.ERP.Crm">
    <failure type="java.lang.NullPointerException">
      <![CDATA[java.lang.NullPointerException
	at Idlidabba.ERP.Login.Invalid_Login1(Login.java:129)
... Removed 25 stack frames]]>
    </failure>
  </testcase> <!-- Invalid_Login1 -->
  <testcase name="crm_info_add" time="0.0" classname="Idlidabba.ERP.Crm"/>
  <testcase name="crm_info_Mealinfo" time="5.01" classname="Idlidabba.ERP.Crm">
    <failure type="java.lang.NullPointerException">
      <![CDATA[java.lang.NullPointerException
	at Idlidabba.ERP.Crm.crm_info_Mealinfo(Crm.java:794)
... Removed 25 stack frames]]>
    </failure>
  </testcase> <!-- crm_info_Mealinfo -->
  <testcase name="crm_info_update" time="2.51" classname="Idlidabba.ERP.Crm">
    <failure type="java.lang.NullPointerException">
      <![CDATA[java.lang.NullPointerException
	at Idlidabba.ERP.Crm.crm_info_update(Crm.java:882)
... Removed 25 stack frames]]>
    </failure>
  </testcase> <!-- crm_info_update -->
  <testcase name="crm_info_view" time="2.006" classname="Idlidabba.ERP.Crm"/>
</testsuite> <!-- Test2 -->
