<?xml version="1.0" encoding="UTF-8"?>
<!-- Generated by org.testng.reporters.JUnitXMLReporter -->
<testsuite hostname="admin-PC" name="Test4" tests="3" failures="0" timestamp="9 Apr 2019 09:41:02 GMT" time="36.208" errors="0">
  <testcase name="Valid_Login" time="9.109" classname="Idlidabba.ERP.Cooksheet"/>
  <testcase name="Cook_Sheet" time="8.104" classname="Idlidabba.ERP.Cooksheet"/>
  <testcase name="clientcooksheet" time="11.388" classname="Idlidabba.ERP.Cooksheet"/>
</testsuite> <!-- Test4 -->
