<?xml version="1.0" encoding="UTF-8"?>
<!-- Generated by org.testng.reporters.JUnitXMLReporter -->
<testsuite hostname="admin-PC" ignored="0" name="Default test" tests="4" failures="0" timestamp="24 Apr 2019 07:46:18 GMT" time="72.265" errors="0">
  <testcase name="Valid_Login" time="8.005" classname="Idlidabba.ERP.MenuCycle"/>
  <testcase name="menu_cycle" time="13.296" classname="Idlidabba.ERP.MenuCycle"/>
  <testcase name="Menu_cyclePlan" time="24.802" classname="Idlidabba.ERP.MenuCycle"/>
  <testcase name="Menu_cycle_plan" time="13.891" classname="Idlidabba.ERP.MenuCycle"/>
</testsuite> <!-- Default test -->
