<?xml version="1.0" encoding="UTF-8"?>
<!-- Generated by org.testng.reporters.JUnitXMLReporter -->
<testsuite hostname="admin-PC" ignored="0" name="Default test" tests="3" failures="0" timestamp="23 Apr 2019 10:52:47 GMT" time="31.164" errors="0">
  <testcase name="Invalid_Login" time="2.3" classname="Idlidabba.ERP.Login"/>
  <testcase name="Invalid_Login1" time="7.527" classname="Idlidabba.ERP.Login"/>
  <testcase name="Valid_Login" time="6.99" classname="Idlidabba.ERP.Login"/>
</testsuite> <!-- Default test -->
