<?xml version="1.0" encoding="UTF-8"?>
<testng-results skipped="0" failed="0" ignored="0" total="4" passed="4">
  <reporter-output>
  </reporter-output>
  <suite name="Default suite" duration-ms="72265" started-at="2019-04-24T07:45:06Z" finished-at="2019-04-24T07:46:18Z">
    <groups>
    </groups>
    <test name="Default test" duration-ms="72265" started-at="2019-04-24T07:45:06Z" finished-at="2019-04-24T07:46:18Z">
      <class name="Idlidabba.ERP.MenuCycle">
        <test-method status="PASS" signature="beforeTest()[pri:0, instance:Idlidabba.ERP.MenuCycle@c038203]" name="beforeTest" is-config="true" duration-ms="9772" started-at="2019-04-24T13:15:06Z" finished-at="2019-04-24T13:15:16Z">
          <reporter-output>
          </reporter-output>
        </test-method> <!-- beforeTest -->
        <test-method status="PASS" signature="Valid_Login()[pri:1, instance:Idlidabba.ERP.MenuCycle@c038203]" name="Valid_Login" duration-ms="8005" started-at="2019-04-24T13:15:16Z" finished-at="2019-04-24T13:15:24Z">
          <reporter-output>
          </reporter-output>
        </test-method> <!-- Valid_Login -->
        <test-method status="PASS" signature="menu_cycle()[pri:2, instance:Idlidabba.ERP.MenuCycle@c038203]" name="menu_cycle" duration-ms="13296" started-at="2019-04-24T13:15:24Z" finished-at="2019-04-24T13:15:37Z">
          <reporter-output>
          </reporter-output>
        </test-method> <!-- menu_cycle -->
        <test-method status="PASS" signature="Menu_cyclePlan()[pri:3, instance:Idlidabba.ERP.MenuCycle@c038203]" name="Menu_cyclePlan" duration-ms="24802" started-at="2019-04-24T13:15:37Z" finished-at="2019-04-24T13:16:02Z">
          <reporter-output>
          </reporter-output>
        </test-method> <!-- Menu_cyclePlan -->
        <test-method status="PASS" signature="Menu_cycle_plan()[pri:4, instance:Idlidabba.ERP.MenuCycle@c038203]" name="Menu_cycle_plan" duration-ms="13891" started-at="2019-04-24T13:16:02Z" finished-at="2019-04-24T13:16:16Z">
          <reporter-output>
          </reporter-output>
        </test-method> <!-- Menu_cycle_plan -->
        <test-method status="PASS" signature="afterTest()[pri:0, instance:Idlidabba.ERP.MenuCycle@c038203]" name="afterTest" is-config="true" duration-ms="2415" started-at="2019-04-24T13:16:16Z" finished-at="2019-04-24T13:16:18Z">
          <reporter-output>
          </reporter-output>
        </test-method> <!-- afterTest -->
      </class> <!-- Idlidabba.ERP.MenuCycle -->
    </test> <!-- Default test -->
  </suite> <!-- Default suite -->
</testng-results>
